<?xml version="1.0" encoding="UTF-8"?>
<Site BuildName="Linux-g++"
	BuildStamp="20240321-1216-Experimental"
	Name="marc-IdeaPad-3-15ALC6"
	Generator="ctest-3.22.1"
	CompilerName="/usr/bin/g++"
	CompilerVersion="11.4.0"
	OSName="Linux"
	Hostname="marc-IdeaPad-3-15ALC6"
	OSRelease="6.5.0-25-generic"
	OSVersion="#25~22.04.1-Ubuntu SMP PREEMPT_DYNAMIC Tue Feb 20 16:09:15 UTC 2"
	OSPlatform="x86_64"
	Is64Bits="1"
	VendorString="AuthenticAMD"
	VendorID="Advanced Micro Devices"
	FamilyID="23"
	ModelID="104"
	ProcessorCacheSize="512"
	NumberOfLogicalCPU="16"
	NumberOfPhysicalCPU="8"
	TotalVirtualMemory="2047"
	TotalPhysicalMemory="5774"
	LogicalProcessorsPerPhysical="2"
	ProcessorClockFrequency="1397.32"
	>
	<Testing>
		<StartDateTime>Mar 21 13:16 CET</StartDateTime>
		<StartTestTime>1711023419</StartTestTime>
		<TestList/>
		<EndDateTime>Mar 21 13:16 CET</EndDateTime>
		<EndTestTime>1711023419</EndTestTime>
		<ElapsedMinutes>0</ElapsedMinutes>
	</Testing>
</Site>
