<?xml version="1.0" encoding="UTF-8"?>
<Site BuildName="Linux-g++"
	BuildStamp="20240223-1606-Experimental"
	Name="marc-IdeaPad-3-15ALC6"
	Generator="ctest-3.22.1"
	CompilerName="/usr/bin/g++"
	CompilerVersion="11.4.0"
	OSName="Linux"
	Hostname="marc-IdeaPad-3-15ALC6"
	OSRelease="6.5.0-18-generic"
	OSVersion="#18~22.04.1-Ubuntu SMP PREEMPT_DYNAMIC Wed Feb  7 11:40:03 UTC 2"
	OSPlatform="x86_64"
	Is64Bits="1"
	VendorString="AuthenticAMD"
	VendorID="Advanced Micro Devices"
	FamilyID="23"
	ModelID="104"
	ProcessorCacheSize="512"
	NumberOfLogicalCPU="16"
	NumberOfPhysicalCPU="8"
	TotalVirtualMemory="2047"
	TotalPhysicalMemory="5774"
	LogicalProcessorsPerPhysical="2"
	ProcessorClockFrequency="1397.29"
	>
	<Testing>
		<StartDateTime>Feb 23 17:17 CET</StartDateTime>
		<StartTestTime>1708705073</StartTestTime>
		<TestList/>
		<EndDateTime>Feb 23 17:17 CET</EndDateTime>
		<EndTestTime>1708705073</EndTestTime>
		<ElapsedMinutes>0</ElapsedMinutes>
	</Testing>
</Site>
