<?xml version="1.0" encoding="UTF-8"?>
<Site BuildName="Linux-g++"
	BuildStamp="20240311-1201-Experimental"
	Name="marc-IdeaPad-3-15ALC6"
	Generator="ctest-3.22.1"
	CompilerName="/usr/bin/g++"
	CompilerVersion="11.4.0"
	OSName="Linux"
	Hostname="marc-IdeaPad-3-15ALC6"
	OSRelease="6.5.0-21-generic"
	OSVersion="#21~22.04.1-Ubuntu SMP PREEMPT_DYNAMIC Fri Feb  9 13:32:52 UTC 2"
	OSPlatform="x86_64"
	Is64Bits="1"
	VendorString="AuthenticAMD"
	VendorID="Advanced Micro Devices"
	FamilyID="23"
	ModelID="104"
	ProcessorCacheSize="512"
	NumberOfLogicalCPU="16"
	NumberOfPhysicalCPU="8"
	TotalVirtualMemory="2047"
	TotalPhysicalMemory="5774"
	LogicalProcessorsPerPhysical="2"
	ProcessorClockFrequency="1657.67"
	>
	<Testing>
		<StartDateTime>Mar 11 17:27 CET</StartDateTime>
		<StartTestTime>1710174438</StartTestTime>
		<TestList/>
		<EndDateTime>Mar 11 17:27 CET</EndDateTime>
		<EndTestTime>1710174438</EndTestTime>
		<ElapsedMinutes>0</ElapsedMinutes>
	</Testing>
</Site>
